<?xml version="1.0" encoding="UTF-8"?>
<testsuite xmlns:xsi="http://www.w3.org/2001/XMLSchema-instance" xsi:noNamespaceSchemaLocation="https://maven.apache.org/surefire/maven-surefire-plugin/xsd/surefire-test-report.xsd" name="main.LibraryTest" time="0.012" tests="6" errors="0" skipped="0" failures="0">
  <properties>
[...]
</properties>
  <testcase name="testGetBooks" classname="main.LibraryTest" time="0.006"/>
  <testcase name="testAddBook" classname="main.LibraryTest" time="0"/>
  <testcase name="testFindBooksPublishedBefore" classname="main.LibraryTest" time="0.001"/>
  <testcase name="testSortBooksByYear" classname="main.LibraryTest" time="0"/>
  <testcase name="testSortBooksByTitle" classname="main.LibraryTest" time="0.001"/>
  <testcase name="testFindBooksByAuthor" classname="main.LibraryTest" time="0"/>
</testsuite>